2020-11-24 09:09:33,472 [Worker-1: Loading available Gradle versions] INFO  c.g.t.t.d.PublishedGradleVersions - Gradle version information cache is up-to-date. Trying to read.
2020-11-24 09:10:36,536 [Worker-3: Importing Maven projects] INFO  o.e.m.c.i.l.LifecycleMappingFactory - Using org.maven.ide.eclipse.wtp.WarLifecycleMapping lifecycle mapping for MavenProject: com.demo:mvc1:0.0.1-SNAPSHOT @ T:\mvc1\mvc1\pom.xml.
2020-11-24 09:10:36,741 [Worker-3: Importing Maven projects] WARN  o.e.m.c.i.embedder.EclipseLogger - The POM for commons-dbcp:commons-dbcp:jar:1.4 is invalid, transitive dependencies (if any) will not be available, enable debug logging for more details
2020-11-24 09:10:37,852 [Worker-3: Importing Maven projects] WARN  o.e.m.c.i.embedder.EclipseLogger - The POM for org.apache.tomcat.maven:tomcat9-maven-plugin:jar:2.2 is missing, no dependency information available
2020-11-24 09:10:37,882 [Worker-3: Importing Maven projects] WARN  o.e.m.c.i.embedder.EclipseLogger - Failed to retrieve plugin descriptor for org.apache.tomcat.maven:tomcat9-maven-plugin:2.2: Plugin org.apache.tomcat.maven:tomcat9-maven-plugin:2.2 or one of its dependencies could not be resolved: Failure to find org.apache.tomcat.maven:tomcat9-maven-plugin:jar:2.2 in https://repo.maven.apache.org/maven2 was cached in the local repository, resolution will not be reattempted until the update interval of central has elapsed or updates are forced
2020-11-24 09:10:37,982 [Worker-3: Importing Maven projects] WARN  o.e.m.c.i.embedder.EclipseLogger - The POM for org.apache.tomcat.maven:tomcat9-maven-plugin:jar:2.2 is missing, no dependency information available
2020-11-24 09:10:37,987 [Worker-3: Importing Maven projects] WARN  o.e.m.c.i.embedder.EclipseLogger - Failed to retrieve plugin descriptor for org.apache.tomcat.maven:tomcat9-maven-plugin:2.2: Plugin org.apache.tomcat.maven:tomcat9-maven-plugin:2.2 or one of its dependencies could not be resolved: Failure to find org.apache.tomcat.maven:tomcat9-maven-plugin:jar:2.2 in https://repo.maven.apache.org/maven2 was cached in the local repository, resolution will not be reattempted until the update interval of central has elapsed or updates are forced
2020-11-24 09:10:38,120 [Worker-3: Importing Maven projects] WARN  o.e.m.c.i.embedder.EclipseLogger - The POM for commons-dbcp:commons-dbcp:jar:1.4 is invalid, transitive dependencies (if any) will not be available, enable debug logging for more details
2020-11-24 09:10:41,749 [Worker-3: Importing Maven projects] INFO  o.e.m.j.i.AbstractJavaProjectConfigurator - Adding source folder /mvc1/src/main/java
2020-11-24 09:10:41,750 [Worker-3: Importing Maven projects] INFO  o.e.m.j.i.AbstractJavaProjectConfigurator - Adding resource folder /mvc1/src/main/resources
2020-11-24 09:10:41,752 [Worker-3: Importing Maven projects] INFO  o.e.m.j.i.AbstractJavaProjectConfigurator - Adding source folder /mvc1/src/test/java
2020-11-24 09:10:41,753 [Worker-3: Importing Maven projects] INFO  o.e.m.j.i.AbstractJavaProjectConfigurator - Adding resource folder /mvc1/src/test/resources
2020-11-24 09:10:42,876 [Worker-3: Importing Maven projects] WARN  o.e.m.c.i.embedder.EclipseLogger - The POM for org.apache.tomcat.maven:tomcat9-maven-plugin:jar:2.2 is missing, no dependency information available
2020-11-24 09:10:42,879 [Worker-3: Importing Maven projects] WARN  o.e.m.c.i.embedder.EclipseLogger - Failed to retrieve plugin descriptor for org.apache.tomcat.maven:tomcat9-maven-plugin:2.2: Plugin org.apache.tomcat.maven:tomcat9-maven-plugin:2.2 or one of its dependencies could not be resolved: Failure to find org.apache.tomcat.maven:tomcat9-maven-plugin:jar:2.2 in https://repo.maven.apache.org/maven2 was cached in the local repository, resolution will not be reattempted until the update interval of central has elapsed or updates are forced
2020-11-24 09:10:42,883 [Worker-3: Importing Maven projects] WARN  o.e.m.c.i.embedder.EclipseLogger - The POM for org.apache.tomcat.maven:tomcat9-maven-plugin:jar:2.2 is missing, no dependency information available
2020-11-24 09:10:42,887 [Worker-3: Importing Maven projects] WARN  o.e.m.c.i.embedder.EclipseLogger - Failed to retrieve plugin descriptor for org.apache.tomcat.maven:tomcat9-maven-plugin:2.2: Plugin org.apache.tomcat.maven:tomcat9-maven-plugin:2.2 or one of its dependencies could not be resolved: Failure to find org.apache.tomcat.maven:tomcat9-maven-plugin:jar:2.2 in https://repo.maven.apache.org/maven2 was cached in the local repository, resolution will not be reattempted until the update interval of central has elapsed or updates are forced
2020-11-24 09:10:42,948 [Worker-3: Importing Maven projects] INFO  o.e.m.c.i.p.ProjectConfigurationManager - Imported and configured 1 project(s) in 11 sec
2020-11-24 09:10:45,705 [Worker-12: Building workspace] WARN  o.e.m.c.i.embedder.EclipseLogger - The POM for commons-dbcp:commons-dbcp:jar:1.4 is invalid, transitive dependencies (if any) will not be available, enable debug logging for more details
2020-11-24 09:10:46,637 [Worker-12: Building workspace] WARN  o.e.m.c.i.embedder.EclipseLogger - Using platform encoding (Cp1252 actually) to copy filtered resources, i.e. build is platform dependent!
2020-11-24 09:10:46,667 [Worker-12: Building workspace] INFO  o.e.m.c.i.embedder.EclipseLogger - Copying 2 resources
2020-11-24 09:10:46,700 [Worker-12: Building workspace] WARN  o.e.m.c.i.embedder.EclipseLogger - Using platform encoding (Cp1252 actually) to copy filtered resources, i.e. build is platform dependent!
2020-11-24 09:10:46,703 [Worker-12: Building workspace] INFO  o.e.m.c.i.embedder.EclipseLogger - Copying 0 resource
2020-11-24 11:30:17,955 [Worker-0: Loading available Gradle versions] INFO  c.g.t.t.d.PublishedGradleVersions - Gradle version information cache is up-to-date. Trying to read.
2020-11-24 11:30:55,106 [Worker-12: Building workspace] WARN  o.e.m.c.i.embedder.EclipseLogger - Using platform encoding (Cp1252 actually) to copy filtered resources, i.e. build is platform dependent!
2020-11-24 11:30:55,126 [Worker-12: Building workspace] INFO  o.e.m.c.i.embedder.EclipseLogger - Copying 2 resources
2020-11-24 11:30:55,157 [Worker-12: Building workspace] WARN  o.e.m.c.i.embedder.EclipseLogger - Using platform encoding (Cp1252 actually) to copy filtered resources, i.e. build is platform dependent!
2020-11-24 11:30:55,160 [Worker-12: Building workspace] INFO  o.e.m.c.i.embedder.EclipseLogger - Copying 0 resource
2020-11-24 13:02:30,090 [Worker-36: Updating Maven Project] INFO  o.e.m.c.i.p.ProjectConfigurationManager - Update started
2020-11-24 13:02:33,197 [Worker-36: Updating Maven Project] INFO  o.e.m.c.i.l.LifecycleMappingFactory - Using org.maven.ide.eclipse.wtp.WarLifecycleMapping lifecycle mapping for MavenProject: com.demo:mvc1:0.0.1-SNAPSHOT @ T:\mvc1\mvc1\pom.xml.
2020-11-24 13:02:35,209 [Worker-36: Updating Maven Project] WARN  o.e.m.c.i.embedder.EclipseLogger - The POM for org.apache.tomcat.maven:tomcat9-maven-plugin:jar:2.2 is missing, no dependency information available
2020-11-24 13:02:35,251 [Worker-36: Updating Maven Project] WARN  o.e.m.c.i.embedder.EclipseLogger - Failed to retrieve plugin descriptor for org.apache.tomcat.maven:tomcat9-maven-plugin:2.2: Plugin org.apache.tomcat.maven:tomcat9-maven-plugin:2.2 or one of its dependencies could not be resolved: Failure to find org.apache.tomcat.maven:tomcat9-maven-plugin:jar:2.2 in https://repo.maven.apache.org/maven2 was cached in the local repository, resolution will not be reattempted until the update interval of central has elapsed or updates are forced
2020-11-24 13:02:35,304 [Worker-36: Updating Maven Project] WARN  o.e.m.c.i.embedder.EclipseLogger - The POM for org.apache.tomcat.maven:tomcat9-maven-plugin:jar:2.2 is missing, no dependency information available
2020-11-24 13:02:35,308 [Worker-36: Updating Maven Project] WARN  o.e.m.c.i.embedder.EclipseLogger - Failed to retrieve plugin descriptor for org.apache.tomcat.maven:tomcat9-maven-plugin:2.2: Plugin org.apache.tomcat.maven:tomcat9-maven-plugin:2.2 or one of its dependencies could not be resolved: Failure to find org.apache.tomcat.maven:tomcat9-maven-plugin:jar:2.2 in https://repo.maven.apache.org/maven2 was cached in the local repository, resolution will not be reattempted until the update interval of central has elapsed or updates are forced
2020-11-24 13:02:38,346 [Worker-36: Updating Maven Project] INFO  o.e.m.j.i.AbstractJavaProjectConfigurator - Adding source folder /mvc1/src/main/java
2020-11-24 13:02:38,347 [Worker-36: Updating Maven Project] INFO  o.e.m.j.i.AbstractJavaProjectConfigurator - Adding resource folder /mvc1/src/main/resources
2020-11-24 13:02:38,348 [Worker-36: Updating Maven Project] INFO  o.e.m.j.i.AbstractJavaProjectConfigurator - Adding source folder /mvc1/src/test/java
2020-11-24 13:02:38,349 [Worker-36: Updating Maven Project] INFO  o.e.m.j.i.AbstractJavaProjectConfigurator - Adding resource folder /mvc1/src/test/resources
2020-11-24 13:02:40,279 [Worker-36: Updating Maven Project] WARN  o.e.m.c.i.embedder.EclipseLogger - The POM for org.apache.tomcat.maven:tomcat9-maven-plugin:jar:2.2 is missing, no dependency information available
2020-11-24 13:02:40,285 [Worker-36: Updating Maven Project] WARN  o.e.m.c.i.embedder.EclipseLogger - Failed to retrieve plugin descriptor for org.apache.tomcat.maven:tomcat9-maven-plugin:2.2: Plugin org.apache.tomcat.maven:tomcat9-maven-plugin:2.2 or one of its dependencies could not be resolved: Failure to find org.apache.tomcat.maven:tomcat9-maven-plugin:jar:2.2 in https://repo.maven.apache.org/maven2 was cached in the local repository, resolution will not be reattempted until the update interval of central has elapsed or updates are forced
2020-11-24 13:02:40,289 [Worker-36: Updating Maven Project] WARN  o.e.m.c.i.embedder.EclipseLogger - The POM for org.apache.tomcat.maven:tomcat9-maven-plugin:jar:2.2 is missing, no dependency information available
2020-11-24 13:02:40,294 [Worker-36: Updating Maven Project] WARN  o.e.m.c.i.embedder.EclipseLogger - Failed to retrieve plugin descriptor for org.apache.tomcat.maven:tomcat9-maven-plugin:2.2: Plugin org.apache.tomcat.maven:tomcat9-maven-plugin:2.2 or one of its dependencies could not be resolved: Failure to find org.apache.tomcat.maven:tomcat9-maven-plugin:jar:2.2 in https://repo.maven.apache.org/maven2 was cached in the local repository, resolution will not be reattempted until the update interval of central has elapsed or updates are forced
2020-11-24 13:02:40,573 [Worker-36: Updating Maven Project] INFO  o.e.m.w.i.f.ResourceFilteringBuildParticipant - Cleaning filtered folder for mvc1
2020-11-24 13:02:40,588 [Worker-36: Updating Maven Project] INFO  o.e.m.c.i.p.ProjectConfigurationManager - Update completed: 10 sec
2020-11-24 13:02:42,294 [Worker-37: Building workspace] WARN  o.e.m.c.i.embedder.EclipseLogger - Using platform encoding (Cp1252 actually) to copy filtered resources, i.e. build is platform dependent!
2020-11-24 13:02:42,297 [Worker-37: Building workspace] INFO  o.e.m.c.i.embedder.EclipseLogger - Copying 2 resources
2020-11-24 13:02:42,331 [Worker-37: Building workspace] WARN  o.e.m.c.i.embedder.EclipseLogger - Using platform encoding (Cp1252 actually) to copy filtered resources, i.e. build is platform dependent!
2020-11-24 13:02:42,333 [Worker-37: Building workspace] INFO  o.e.m.c.i.embedder.EclipseLogger - Copying 0 resource
2020-11-24 13:02:42,334 [Worker-37: Building workspace] INFO  o.e.m.w.i.f.ResourceFilteringBuildParticipant - Changed resources require a complete clean of filtered resources of mvc1
2020-11-24 13:02:42,335 [Worker-37: Building workspace] INFO  o.e.m.w.i.f.ResourceFilteringBuildParticipant - Executing resource filtering for mvc1
2020-11-24 13:02:42,340 [Worker-37: Building workspace] WARN  o.e.m.c.i.embedder.EclipseLogger - The POM for org.apache.tomcat.maven:tomcat9-maven-plugin:jar:2.2 is missing, no dependency information available
2020-11-24 13:02:42,344 [Worker-37: Building workspace] WARN  o.e.m.c.i.embedder.EclipseLogger - Failed to retrieve plugin descriptor for org.apache.tomcat.maven:tomcat9-maven-plugin:2.2: Plugin org.apache.tomcat.maven:tomcat9-maven-plugin:2.2 or one of its dependencies could not be resolved: Cannot access central (https://repo.maven.apache.org/maven2) in offline mode and the artifact org.apache.tomcat.maven:tomcat9-maven-plugin:jar:2.2 has not been downloaded from it before.
2020-11-24 13:02:42,347 [Worker-37: Building workspace] WARN  o.e.m.c.i.embedder.EclipseLogger - The POM for org.apache.tomcat.maven:tomcat9-maven-plugin:jar:2.2 is missing, no dependency information available
2020-11-24 13:02:42,372 [Worker-37: Building workspace] WARN  o.e.m.c.i.embedder.EclipseLogger - Failed to retrieve plugin descriptor for org.apache.tomcat.maven:tomcat9-maven-plugin:2.2: Plugin org.apache.tomcat.maven:tomcat9-maven-plugin:2.2 or one of its dependencies could not be resolved: Cannot access central (https://repo.maven.apache.org/maven2) in offline mode and the artifact org.apache.tomcat.maven:tomcat9-maven-plugin:jar:2.2 has not been downloaded from it before.
2020-11-24 13:02:42,380 [Worker-37: Building workspace] WARN  o.e.m.c.i.embedder.EclipseLogger - Using platform encoding (Cp1252 actually) to copy filtered resources, i.e. build is platform dependent!
2020-11-24 13:20:13,996 [Worker-3: Loading available Gradle versions] INFO  c.g.t.t.d.PublishedGradleVersions - Gradle version information cache is up-to-date. Trying to read.
2020-11-24 13:20:26,602 [Worker-6: Building workspace] WARN  o.e.m.c.i.embedder.EclipseLogger - Using platform encoding (Cp1252 actually) to copy filtered resources, i.e. build is platform dependent!
2020-11-24 13:20:26,614 [Worker-6: Building workspace] INFO  o.e.m.c.i.embedder.EclipseLogger - Copying 2 resources
2020-11-24 13:20:26,633 [Worker-6: Building workspace] WARN  o.e.m.c.i.embedder.EclipseLogger - Using platform encoding (Cp1252 actually) to copy filtered resources, i.e. build is platform dependent!
2020-11-24 13:20:26,635 [Worker-6: Building workspace] INFO  o.e.m.c.i.embedder.EclipseLogger - Copying 0 resource
2020-11-24 13:20:28,997 [Worker-0: Building workspace] WARN  o.e.m.c.i.embedder.EclipseLogger - Using platform encoding (Cp1252 actually) to copy filtered resources, i.e. build is platform dependent!
2020-11-24 13:20:29,083 [Worker-0: Building workspace] INFO  o.e.m.c.i.embedder.EclipseLogger - Copying 0 resource
2020-11-24 13:20:29,091 [Worker-0: Building workspace] WARN  o.e.m.c.i.embedder.EclipseLogger - Using platform encoding (Cp1252 actually) to copy filtered resources, i.e. build is platform dependent!
2020-11-24 13:20:29,095 [Worker-0: Building workspace] INFO  o.e.m.c.i.embedder.EclipseLogger - Copying 0 resource
